<?xml version="1.0" encoding="UTF-8"?>
<!-- Generated by org.testng.reporters.JUnitXMLReporter -->
<testsuite ignored="0" hostname="DESKTOP-25T31P7" failures="1" tests="6" name="Login" time="13.748" errors="0" timestamp="2026-06-07T15:31:16 IST">
  <testcase classname="testpackage_DataDrivenTestingFramework.LoginTest" name="logintest" time="0.848"/>
  <testcase classname="testpackage_DataDrivenTestingFramework.LoginTest" name="logintest" time="0.269">
    <failure type="java.lang.AssertionError" message="expected [https://www.saucedemo.com/inventory.html] but found [https://www.saucedemo.com/]">
      <![CDATA[java.lang.AssertionError: expected [https://www.saucedemo.com/inventory.html] but found [https://www.saucedemo.com/]
at pages_DataDrivenTestingFramework.Login.performLogin(Login.java:49)
at testpackage_DataDrivenTestingFramework.LoginTest.logintest(LoginTest.java:17)
at java.base/java.util.ArrayList.forEach(ArrayList.java:1596)
at java.base/java.util.concurrent.FutureTask.run(FutureTask.java:317)
at java.base/java.util.concurrent.ThreadPoolExecutor.runWorker(ThreadPoolExecutor.java:1144)
at java.base/java.util.concurrent.ThreadPoolExecutor$Worker.run(ThreadPoolExecutor.java:642)
at java.base/java.lang.Thread.run(Thread.java:1583)
... Removed 21 stack frames]]>
    </failure>
  </testcase> <!-- logintest -->
  <testcase classname="testpackage_DataDrivenTestingFramework.LoginTest" name="logintest" time="0.242"/>
  <testcase classname="testpackage_DataDrivenTestingFramework.LoginTest" name="logintest" time="5.265"/>
  <testcase classname="testpackage_DataDrivenTestingFramework.LoginTest" name="logintest" time="0.203"/>
  <testcase classname="testpackage_DataDrivenTestingFramework.LoginTest" name="logintest" time="0.182"/>
</testsuite> <!-- Login -->
