<?xml version="1.0" encoding="UTF-8"?>
<!-- Generated by org.testng.reporters.JUnitXMLReporter -->
<testsuite ignored="0" hostname="DESKTOP-25T31P7" failures="1" tests="6" name="LoginTest" time="13.543" errors="0" timestamp="2026-05-10T18:07:19 IST">
  <testcase classname="testpackage_DataDrivenTestingFramework.LoginTest" name="logintest" time="1.031"/>
  <testcase classname="testpackage_DataDrivenTestingFramework.LoginTest" name="logintest" time="0.295">
    <failure type="java.lang.AssertionError" message="expected [https://www.saucedemo.com/inventory.html] but found [https://www.saucedemo.com/]">
      <![CDATA[java.lang.AssertionError: expected [https://www.saucedemo.com/inventory.html] but found [https://www.saucedemo.com/]
at pages_DataDrivenTestingFramework.Login.performLogin(Login.java:49)
at testpackage_DataDrivenTestingFramework.LoginTest.logintest(LoginTest.java:17)
at java.base/java.util.ArrayList.forEach(ArrayList.java:1511)
at java.base/java.util.concurrent.FutureTask.run(FutureTask.java:264)
at java.base/java.util.concurrent.ThreadPoolExecutor.runWorker(ThreadPoolExecutor.java:1136)
at java.base/java.util.concurrent.ThreadPoolExecutor$Worker.run(ThreadPoolExecutor.java:635)
at java.base/java.lang.Thread.run(Thread.java:833)
... Removed 23 stack frames]]>
    </failure>
  </testcase> <!-- logintest -->
  <testcase classname="testpackage_DataDrivenTestingFramework.LoginTest" name="logintest" time="0.231"/>
  <testcase classname="testpackage_DataDrivenTestingFramework.LoginTest" name="logintest" time="5.449"/>
  <testcase classname="testpackage_DataDrivenTestingFramework.LoginTest" name="logintest" time="0.213"/>
  <testcase classname="testpackage_DataDrivenTestingFramework.LoginTest" name="logintest" time="0.186"/>
</testsuite> <!-- LoginTest -->
