<?xml version="1.0" encoding="UTF-8"?>
<testng-results ignored="0" total="7" passed="6" failed="1" skipped="0">
  <reporter-output>
  </reporter-output>
  <suite started-at="2026-06-07T15:31:02 IST" name="Suite" finished-at="2026-06-07T15:31:16 IST" duration-ms="13748">
    <groups>
    </groups>
    <test started-at="2026-06-07T15:31:02 IST" name="Greenkart" finished-at="2026-06-07T15:31:11 IST" duration-ms="9100">
      <class name="testpackage_DataDrivenTestingFramework.Greenkart">
        <test-method is-config="true" signature="launch()[pri:0, instance:testpackage_DataDrivenTestingFramework.Greenkart@1f9f6368]" started-at="2026-06-07T15:31:02 IST" name="launch" finished-at="2026-06-07T15:31:06 IST" duration-ms="4112" status="PASS">
          <reporter-output>
          </reporter-output>
        </test-method> <!-- launch -->
        <test-method signature="endtoendflow()[pri:0, instance:testpackage_DataDrivenTestingFramework.Greenkart@1f9f6368]" started-at="2026-06-07T15:31:06 IST" name="endtoendflow" finished-at="2026-06-07T15:31:11 IST" duration-ms="4592" status="PASS">
          <reporter-output>
          </reporter-output>
        </test-method> <!-- endtoendflow -->
        <test-method is-config="true" signature="end()[pri:0, instance:testpackage_DataDrivenTestingFramework.Greenkart@1f9f6368]" started-at="2026-06-07T15:31:11 IST" name="end" finished-at="2026-06-07T15:31:11 IST" duration-ms="176" status="PASS">
          <reporter-output>
          </reporter-output>
        </test-method> <!-- end -->
      </class> <!-- testpackage_DataDrivenTestingFramework.Greenkart -->
    </test> <!-- Greenkart -->
    <test started-at="2026-06-07T15:31:02 IST" name="Login" finished-at="2026-06-07T15:31:16 IST" duration-ms="13748">
      <class name="testpackage_DataDrivenTestingFramework.LoginTest">
        <test-method is-config="true" signature="launch()[pri:0, instance:testpackage_DataDrivenTestingFramework.LoginTest@9cb8225]" started-at="2026-06-07T15:31:02 IST" name="launch" finished-at="2026-06-07T15:31:06 IST" duration-ms="4113" status="PASS">
          <reporter-output>
          </reporter-output>
        </test-method> <!-- launch -->
        <test-method signature="logintest(java.lang.String,java.lang.String,java.lang.String)[pri:0, instance:testpackage_DataDrivenTestingFramework.LoginTest@9cb8225]" started-at="2026-06-07T15:31:07 IST" name="logintest" data-provider="testdata" finished-at="2026-06-07T15:31:08 IST" duration-ms="848" status="PASS">
          <params>
            <param index="0">
              <value>
                <![CDATA[standard_user]]>
              </value>
            </param>
            <param index="1">
              <value>
                <![CDATA[secret_sauce]]>
              </value>
            </param>
            <param index="2">
              <value>
                <![CDATA[https://www.saucedemo.com/inventory.html]]>
              </value>
            </param>
          </params>
          <reporter-output>
          </reporter-output>
        </test-method> <!-- logintest -->
        <test-method signature="logintest(java.lang.String,java.lang.String,java.lang.String)[pri:0, instance:testpackage_DataDrivenTestingFramework.LoginTest@9cb8225]" started-at="2026-06-07T15:31:09 IST" name="logintest" data-provider="testdata" finished-at="2026-06-07T15:31:09 IST" duration-ms="269" status="FAIL">
          <params>
            <param index="0">
              <value>
                <![CDATA[locked_out_user]]>
              </value>
            </param>
            <param index="1">
              <value>
                <![CDATA[secret_sauce]]>
              </value>
            </param>
            <param index="2">
              <value>
                <![CDATA[https://www.saucedemo.com/inventory.html]]>
              </value>
            </param>
          </params>
          <exception class="java.lang.AssertionError">
            <message>
              <![CDATA[expected [https://www.saucedemo.com/inventory.html] but found [https://www.saucedemo.com/]]]>
            </message>
            <full-stacktrace>
              <![CDATA[java.lang.AssertionError: expected [https://www.saucedemo.com/inventory.html] but found [https://www.saucedemo.com/]
at org.testng.Assert.fail(Assert.java:111)
at org.testng.Assert.failNotEquals(Assert.java:1578)
at org.testng.Assert.assertEqualsImpl(Assert.java:150)
at org.testng.Assert.assertEquals(Assert.java:132)
at org.testng.Assert.assertEquals(Assert.java:656)
at org.testng.Assert.assertEquals(Assert.java:666)
at pages_DataDrivenTestingFramework.Login.performLogin(Login.java:49)
at testpackage_DataDrivenTestingFramework.LoginTest.logintest(LoginTest.java:17)
at java.base/jdk.internal.reflect.DirectMethodHandleAccessor.invoke(DirectMethodHandleAccessor.java:103)
at java.base/java.lang.reflect.Method.invoke(Method.java:580)
at org.testng.internal.invokers.MethodInvocationHelper.invokeMethod(MethodInvocationHelper.java:139)
at org.testng.internal.invokers.TestInvoker.invokeMethod(TestInvoker.java:664)
at org.testng.internal.invokers.TestInvoker.invokeTestMethod(TestInvoker.java:228)
at org.testng.internal.invokers.MethodRunner.runInSequence(MethodRunner.java:63)
at org.testng.internal.invokers.TestInvoker$MethodInvocationAgent.invoke(TestInvoker.java:961)
at org.testng.internal.invokers.TestInvoker.invokeTestMethods(TestInvoker.java:201)
at org.testng.internal.invokers.TestMethodWorker.invokeTestMethods(TestMethodWorker.java:148)
at org.testng.internal.invokers.TestMethodWorker.run(TestMethodWorker.java:128)
at java.base/java.util.ArrayList.forEach(ArrayList.java:1596)
at org.testng.TestRunner.privateRun(TestRunner.java:819)
at org.testng.TestRunner.run(TestRunner.java:619)
at org.testng.SuiteRunner.runTest(SuiteRunner.java:443)
at org.testng.SuiteRunner$SuiteWorker.run(SuiteRunner.java:481)
at org.testng.internal.thread.ThreadUtil.lambda$execute$0(ThreadUtil.java:58)
at java.base/java.util.concurrent.FutureTask.run(FutureTask.java:317)
at java.base/java.util.concurrent.ThreadPoolExecutor.runWorker(ThreadPoolExecutor.java:1144)
at java.base/java.util.concurrent.ThreadPoolExecutor$Worker.run(ThreadPoolExecutor.java:642)
at java.base/java.lang.Thread.run(Thread.java:1583)
]]>
            </full-stacktrace>
          </exception> <!-- java.lang.AssertionError -->
          <reporter-output>
          </reporter-output>
        </test-method> <!-- logintest -->
        <test-method signature="logintest(java.lang.String,java.lang.String,java.lang.String)[pri:0, instance:testpackage_DataDrivenTestingFramework.LoginTest@9cb8225]" started-at="2026-06-07T15:31:09 IST" name="logintest" data-provider="testdata" finished-at="2026-06-07T15:31:09 IST" duration-ms="242" status="PASS">
          <params>
            <param index="0">
              <value>
                <![CDATA[problem_user]]>
              </value>
            </param>
            <param index="1">
              <value>
                <![CDATA[secret_sauce]]>
              </value>
            </param>
            <param index="2">
              <value>
                <![CDATA[https://www.saucedemo.com/inventory.html]]>
              </value>
            </param>
          </params>
          <reporter-output>
          </reporter-output>
        </test-method> <!-- logintest -->
        <test-method signature="logintest(java.lang.String,java.lang.String,java.lang.String)[pri:0, instance:testpackage_DataDrivenTestingFramework.LoginTest@9cb8225]" started-at="2026-06-07T15:31:10 IST" name="logintest" data-provider="testdata" finished-at="2026-06-07T15:31:15 IST" duration-ms="5265" status="PASS">
          <params>
            <param index="0">
              <value>
                <![CDATA[performance_glitch_user]]>
              </value>
            </param>
            <param index="1">
              <value>
                <![CDATA[secret_sauce]]>
              </value>
            </param>
            <param index="2">
              <value>
                <![CDATA[https://www.saucedemo.com/inventory.html]]>
              </value>
            </param>
          </params>
          <reporter-output>
          </reporter-output>
        </test-method> <!-- logintest -->
        <test-method signature="logintest(java.lang.String,java.lang.String,java.lang.String)[pri:0, instance:testpackage_DataDrivenTestingFramework.LoginTest@9cb8225]" started-at="2026-06-07T15:31:15 IST" name="logintest" data-provider="testdata" finished-at="2026-06-07T15:31:15 IST" duration-ms="203" status="PASS">
          <params>
            <param index="0">
              <value>
                <![CDATA[error_user]]>
              </value>
            </param>
            <param index="1">
              <value>
                <![CDATA[secret_sauce]]>
              </value>
            </param>
            <param index="2">
              <value>
                <![CDATA[https://www.saucedemo.com/inventory.html]]>
              </value>
            </param>
          </params>
          <reporter-output>
          </reporter-output>
        </test-method> <!-- logintest -->
        <test-method signature="logintest(java.lang.String,java.lang.String,java.lang.String)[pri:0, instance:testpackage_DataDrivenTestingFramework.LoginTest@9cb8225]" started-at="2026-06-07T15:31:15 IST" name="logintest" data-provider="testdata" finished-at="2026-06-07T15:31:16 IST" duration-ms="182" status="PASS">
          <params>
            <param index="0">
              <value>
                <![CDATA[visual_user]]>
              </value>
            </param>
            <param index="1">
              <value>
                <![CDATA[secret_sauce]]>
              </value>
            </param>
            <param index="2">
              <value>
                <![CDATA[https://www.saucedemo.com/inventory.html]]>
              </value>
            </param>
          </params>
          <reporter-output>
          </reporter-output>
        </test-method> <!-- logintest -->
        <test-method is-config="true" signature="end()[pri:0, instance:testpackage_DataDrivenTestingFramework.LoginTest@9cb8225]" started-at="2026-06-07T15:31:16 IST" name="end" finished-at="2026-06-07T15:31:16 IST" duration-ms="126" status="PASS">
          <reporter-output>
          </reporter-output>
        </test-method> <!-- end -->
      </class> <!-- testpackage_DataDrivenTestingFramework.LoginTest -->
    </test> <!-- Login -->
  </suite> <!-- Suite -->
</testng-results>
