<?xml version="1.0" encoding="UTF-8"?>
<testng-results ignored="0" total="7" passed="6" failed="1" skipped="0">
  <reporter-output>
  </reporter-output>
  <suite started-at="2026-05-10T18:07:05 IST" name="Suite" finished-at="2026-05-10T18:07:19 IST" duration-ms="13543">
    <groups>
    </groups>
    <test started-at="2026-05-10T18:07:05 IST" name="Greenkart" finished-at="2026-05-10T18:07:12 IST" duration-ms="7092">
      <class name="testpackage_DataDrivenTestingFramework.Greenkart">
        <test-method is-config="true" signature="launch()[pri:0, instance:testpackage_DataDrivenTestingFramework.Greenkart@248e319b]" started-at="2026-05-10T18:07:05 IST" name="launch" finished-at="2026-05-10T18:07:07 IST" duration-ms="2179" status="PASS">
          <reporter-output>
          </reporter-output>
        </test-method> <!-- launch -->
        <test-method signature="endtoendflow()[pri:0, instance:testpackage_DataDrivenTestingFramework.Greenkart@248e319b]" started-at="2026-05-10T18:07:07 IST" name="endtoendflow" finished-at="2026-05-10T18:07:11 IST" duration-ms="4265" status="PASS">
          <reporter-output>
          </reporter-output>
        </test-method> <!-- endtoendflow -->
        <test-method is-config="true" signature="end()[pri:0, instance:testpackage_DataDrivenTestingFramework.Greenkart@248e319b]" started-at="2026-05-10T18:07:12 IST" name="end" finished-at="2026-05-10T18:07:12 IST" duration-ms="420" status="PASS">
          <reporter-output>
          </reporter-output>
        </test-method> <!-- end -->
      </class> <!-- testpackage_DataDrivenTestingFramework.Greenkart -->
    </test> <!-- Greenkart -->
    <test started-at="2026-05-10T18:07:05 IST" name="LoginTest" finished-at="2026-05-10T18:07:19 IST" duration-ms="13543">
      <class name="testpackage_DataDrivenTestingFramework.LoginTest">
        <test-method is-config="true" signature="launch()[pri:0, instance:testpackage_DataDrivenTestingFramework.LoginTest@451001e5]" started-at="2026-05-10T18:07:05 IST" name="launch" finished-at="2026-05-10T18:07:07 IST" duration-ms="2180" status="PASS">
          <reporter-output>
          </reporter-output>
        </test-method> <!-- launch -->
        <test-method signature="logintest(java.lang.String,java.lang.String,java.lang.String)[pri:0, instance:testpackage_DataDrivenTestingFramework.LoginTest@451001e5]" started-at="2026-05-10T18:07:08 IST" name="logintest" data-provider="testdata" finished-at="2026-05-10T18:07:09 IST" duration-ms="1031" status="PASS">
          <params>
            <param index="0">
              <value>
                <![CDATA[standard_user]]>
              </value>
            </param>
            <param index="1">
              <value>
                <![CDATA[secret_sauce]]>
              </value>
            </param>
            <param index="2">
              <value>
                <![CDATA[https://www.saucedemo.com/inventory.html]]>
              </value>
            </param>
          </params>
          <reporter-output>
          </reporter-output>
        </test-method> <!-- logintest -->
        <test-method signature="logintest(java.lang.String,java.lang.String,java.lang.String)[pri:0, instance:testpackage_DataDrivenTestingFramework.LoginTest@451001e5]" started-at="2026-05-10T18:07:10 IST" name="logintest" data-provider="testdata" finished-at="2026-05-10T18:07:10 IST" duration-ms="295" status="FAIL">
          <params>
            <param index="0">
              <value>
                <![CDATA[locked_out_user]]>
              </value>
            </param>
            <param index="1">
              <value>
                <![CDATA[secret_sauce]]>
              </value>
            </param>
            <param index="2">
              <value>
                <![CDATA[https://www.saucedemo.com/inventory.html]]>
              </value>
            </param>
          </params>
          <exception class="java.lang.AssertionError">
            <message>
              <![CDATA[expected [https://www.saucedemo.com/inventory.html] but found [https://www.saucedemo.com/]]]>
            </message>
            <full-stacktrace>
              <![CDATA[java.lang.AssertionError: expected [https://www.saucedemo.com/inventory.html] but found [https://www.saucedemo.com/]
at org.testng.Assert.fail(Assert.java:111)
at org.testng.Assert.failNotEquals(Assert.java:1578)
at org.testng.Assert.assertEqualsImpl(Assert.java:150)
at org.testng.Assert.assertEquals(Assert.java:132)
at org.testng.Assert.assertEquals(Assert.java:656)
at org.testng.Assert.assertEquals(Assert.java:666)
at pages_DataDrivenTestingFramework.Login.performLogin(Login.java:49)
at testpackage_DataDrivenTestingFramework.LoginTest.logintest(LoginTest.java:17)
at java.base/jdk.internal.reflect.NativeMethodAccessorImpl.invoke0(Native Method)
at java.base/jdk.internal.reflect.NativeMethodAccessorImpl.invoke(NativeMethodAccessorImpl.java:77)
at java.base/jdk.internal.reflect.DelegatingMethodAccessorImpl.invoke(DelegatingMethodAccessorImpl.java:43)
at java.base/java.lang.reflect.Method.invoke(Method.java:568)
at org.testng.internal.invokers.MethodInvocationHelper.invokeMethod(MethodInvocationHelper.java:139)
at org.testng.internal.invokers.TestInvoker.invokeMethod(TestInvoker.java:664)
at org.testng.internal.invokers.TestInvoker.invokeTestMethod(TestInvoker.java:228)
at org.testng.internal.invokers.MethodRunner.runInSequence(MethodRunner.java:63)
at org.testng.internal.invokers.TestInvoker$MethodInvocationAgent.invoke(TestInvoker.java:961)
at org.testng.internal.invokers.TestInvoker.invokeTestMethods(TestInvoker.java:201)
at org.testng.internal.invokers.TestMethodWorker.invokeTestMethods(TestMethodWorker.java:148)
at org.testng.internal.invokers.TestMethodWorker.run(TestMethodWorker.java:128)
at java.base/java.util.ArrayList.forEach(ArrayList.java:1511)
at org.testng.TestRunner.privateRun(TestRunner.java:819)
at org.testng.TestRunner.run(TestRunner.java:619)
at org.testng.SuiteRunner.runTest(SuiteRunner.java:443)
at org.testng.SuiteRunner$SuiteWorker.run(SuiteRunner.java:481)
at org.testng.internal.thread.ThreadUtil.lambda$execute$0(ThreadUtil.java:58)
at java.base/java.util.concurrent.FutureTask.run(FutureTask.java:264)
at java.base/java.util.concurrent.ThreadPoolExecutor.runWorker(ThreadPoolExecutor.java:1136)
at java.base/java.util.concurrent.ThreadPoolExecutor$Worker.run(ThreadPoolExecutor.java:635)
at java.base/java.lang.Thread.run(Thread.java:833)
]]>
            </full-stacktrace>
          </exception> <!-- java.lang.AssertionError -->
          <reporter-output>
          </reporter-output>
        </test-method> <!-- logintest -->
        <test-method signature="logintest(java.lang.String,java.lang.String,java.lang.String)[pri:0, instance:testpackage_DataDrivenTestingFramework.LoginTest@451001e5]" started-at="2026-05-10T18:07:11 IST" name="logintest" data-provider="testdata" finished-at="2026-05-10T18:07:11 IST" duration-ms="231" status="PASS">
          <params>
            <param index="0">
              <value>
                <![CDATA[problem_user]]>
              </value>
            </param>
            <param index="1">
              <value>
                <![CDATA[secret_sauce]]>
              </value>
            </param>
            <param index="2">
              <value>
                <![CDATA[https://www.saucedemo.com/inventory.html]]>
              </value>
            </param>
          </params>
          <reporter-output>
          </reporter-output>
        </test-method> <!-- logintest -->
        <test-method signature="logintest(java.lang.String,java.lang.String,java.lang.String)[pri:0, instance:testpackage_DataDrivenTestingFramework.LoginTest@451001e5]" started-at="2026-05-10T18:07:11 IST" name="logintest" data-provider="testdata" finished-at="2026-05-10T18:07:17 IST" duration-ms="5449" status="PASS">
          <params>
            <param index="0">
              <value>
                <![CDATA[performance_glitch_user]]>
              </value>
            </param>
            <param index="1">
              <value>
                <![CDATA[secret_sauce]]>
              </value>
            </param>
            <param index="2">
              <value>
                <![CDATA[https://www.saucedemo.com/inventory.html]]>
              </value>
            </param>
          </params>
          <reporter-output>
          </reporter-output>
        </test-method> <!-- logintest -->
        <test-method signature="logintest(java.lang.String,java.lang.String,java.lang.String)[pri:0, instance:testpackage_DataDrivenTestingFramework.LoginTest@451001e5]" started-at="2026-05-10T18:07:17 IST" name="logintest" data-provider="testdata" finished-at="2026-05-10T18:07:17 IST" duration-ms="213" status="PASS">
          <params>
            <param index="0">
              <value>
                <![CDATA[error_user]]>
              </value>
            </param>
            <param index="1">
              <value>
                <![CDATA[secret_sauce]]>
              </value>
            </param>
            <param index="2">
              <value>
                <![CDATA[https://www.saucedemo.com/inventory.html]]>
              </value>
            </param>
          </params>
          <reporter-output>
          </reporter-output>
        </test-method> <!-- logintest -->
        <test-method signature="logintest(java.lang.String,java.lang.String,java.lang.String)[pri:0, instance:testpackage_DataDrivenTestingFramework.LoginTest@451001e5]" started-at="2026-05-10T18:07:18 IST" name="logintest" data-provider="testdata" finished-at="2026-05-10T18:07:18 IST" duration-ms="186" status="PASS">
          <params>
            <param index="0">
              <value>
                <![CDATA[visual_user]]>
              </value>
            </param>
            <param index="1">
              <value>
                <![CDATA[secret_sauce]]>
              </value>
            </param>
            <param index="2">
              <value>
                <![CDATA[https://www.saucedemo.com/inventory.html]]>
              </value>
            </param>
          </params>
          <reporter-output>
          </reporter-output>
        </test-method> <!-- logintest -->
        <test-method is-config="true" signature="end()[pri:0, instance:testpackage_DataDrivenTestingFramework.LoginTest@451001e5]" started-at="2026-05-10T18:07:18 IST" name="end" finished-at="2026-05-10T18:07:19 IST" duration-ms="165" status="PASS">
          <reporter-output>
          </reporter-output>
        </test-method> <!-- end -->
      </class> <!-- testpackage_DataDrivenTestingFramework.LoginTest -->
    </test> <!-- LoginTest -->
  </suite> <!-- Suite -->
</testng-results>
